IQ-TREE multicore version 2.2.2.6 COVID-edition for Linux 64-bit built May 27 2023
Developed by Bui Quang Minh, James Barbetti, Nguyen Lam Tung,
Olga Chernomor, Heiko Schmidt, Dominik Schrempf, Michael Woodhams, Ly Trong Nhan.

Host:    x01 (AVX512, FMA3, 502 GB RAM)
Command: iqtree2 -s UHM_Basidiobolus_v1.fungi.fa -alrt 1000 -B 1000 --redo-tree -nt AUTO -gz -m MFP -o Zoophthora_radicans_ATCC_208865
Seed:    531928 (Using SPRNG - Scalable Parallel Random Number Generator)
Time:    Fri Apr 18 09:20:17 2025
Kernel:  AVX+FMA - auto-detect threads (24 CPU cores detected)

Reading alignment file UHM_Basidiobolus_v1.fungi.fa ... Fasta format detected
Reading fasta file: done in 0.00387597 secs using 99.67% CPU
Alignment most likely contains protein sequences
Constructing alignment: done in 0.0717528 secs using 2016% CPU
Alignment has 12 sequences with 35189 columns, 16067 distinct patterns
10146 parsimony-informative, 5986 singleton sites, 19057 constant sites
                                       Gap/Ambiguity  Composition  p-value
Analyzing sequences: done in 0.000124931 secs using 1659% CPU
   1  Basidiobolus_STP1710_7_OCT2024          14.00%    passed     96.27%
   2  Basidiobolus_STP1717_1_OCT2024          20.09%    passed     93.23%
   3  Basidiobolus_UHM207_4505                14.93%    passed     98.76%
   4  Basidiobolus_UHM260_5136                15.62%    passed     99.89%
   5  Basidiobolus_UHM516_7697                18.10%    passed     99.77%
   6  Basidiobolus_UHM520_7734                19.00%    passed     99.78%
   7  Basidiobolus_heterosporus_B8920         43.14%    failed      0.22%
   8  Basidiobolus_meristosporus_B9252        39.45%    passed     50.67%
   9  Basidiobolus_meristosporus_CBS_931.73   13.99%    passed     76.84%
  10  Basidiobolus_microsporus_NRRL_2992      16.67%    passed     98.38%
  11  Basidiobolus_ranarum_AG-B5              18.71%    passed     99.99%
  12  Zoophthora_radicans_ATCC_208865         65.75%    failed      0.00%
WARNING: 1 sequences contain more than 50% gaps/ambiguity
****  TOTAL                                   24.95%  2 sequences failed composition chi2 test (p-value<5%; df=19)
Checking for duplicate sequences: done in 0.00117397 secs using 2360% CPU

NOTE: Restoring information from model checkpoint file UHM_Basidiobolus_v1.fungi.fa.model.gz

CHECKPOINT: Initial tree restored
Measuring multi-threading efficiency up to 24 CPU cores
Increase to 10 rounds for branch lengths
12 trees examined
Threads: 1 / Time: 25.173 sec / Speedup: 1.000 / Efficiency: 100% / LogL: -358980
Threads: 2 / Time: 13.139 sec / Speedup: 1.916 / Efficiency: 96% / LogL: -358980
Threads: 3 / Time: 9.072 sec / Speedup: 2.775 / Efficiency: 92% / LogL: -358980
Threads: 4 / Time: 6.822 sec / Speedup: 3.690 / Efficiency: 92% / LogL: -358980
Threads: 5 / Time: 5.585 sec / Speedup: 4.507 / Efficiency: 90% / LogL: -358980
Threads: 6 / Time: 4.730 sec / Speedup: 5.322 / Efficiency: 89% / LogL: -358980
Threads: 7 / Time: 4.048 sec / Speedup: 6.219 / Efficiency: 89% / LogL: -358980
Threads: 8 / Time: 3.603 sec / Speedup: 6.986 / Efficiency: 87% / LogL: -358980
Threads: 9 / Time: 3.319 sec / Speedup: 7.585 / Efficiency: 84% / LogL: -358980
Threads: 10 / Time: 3.125 sec / Speedup: 8.054 / Efficiency: 81% / LogL: -358980
Threads: 11 / Time: 2.937 sec / Speedup: 8.569 / Efficiency: 78% / LogL: -358980
Threads: 12 / Time: 2.859 sec / Speedup: 8.803 / Efficiency: 73% / LogL: -358980
Threads: 13 / Time: 3.204 sec / Speedup: 7.857 / Efficiency: 60% / LogL: -358980
Threads: 14 / Time: 3.069 sec / Speedup: 8.202 / Efficiency: 59% / LogL: -358980
Threads: 15 / Time: 2.934 sec / Speedup: 8.580 / Efficiency: 57% / LogL: -358980
Threads: 16 / Time: 2.817 sec / Speedup: 8.935 / Efficiency: 56% / LogL: -358980
Threads: 17 / Time: 2.734 sec / Speedup: 9.206 / Efficiency: 54% / LogL: -358980
Threads: 18 / Time: 2.684 sec / Speedup: 9.379 / Efficiency: 52% / LogL: -358980
Threads: 19 / Time: 2.942 sec / Speedup: 8.556 / Efficiency: 45% / LogL: -358980
Determining AUTO threadcount: done in 104.81 secs using 639.2% CPU
BEST NUMBER OF THREADS: 17

Perform fast likelihood tree search using LG+I+G model...
Estimate model parameters (epsilon = 5.000)
Perform nearest neighbor interchange...
Optimizing NNI: done in 0.24081 secs using 1687% CPU
Estimate model parameters (epsilon = 1.000)
1. Initial log-likelihood: -328730.509
2. Current log-likelihood: -328726.180
3. Current log-likelihood: -328724.997
Optimal log-likelihood: -328724.340
Proportion of invariable sites: 0.250
Gamma shape alpha: 0.331
Parameters optimization took 3 rounds (0.279 sec)
Time for fast ML tree search: 1.075 seconds

NOTE: ModelFinder requires 359 MB RAM!
ModelFinder will test up to 1232 protein models (sample size: 35189) ...
 No. Model         -LnL         df  AIC          AICc         BIC
  1  LG            357798.069   21  715638.139   715638.165   715815.977
  2  LG+I          338556.431   22  677156.862   677156.891   677343.169
  3  LG+G4         328992.609   22  658029.219   658029.247   658215.525
  4  LG+I+G4       328721.988   23  657489.975   657490.007   657684.751
  5  LG+R2         330683.262   23  661412.523   661412.555   661607.298
  6  LG+R3         328646.717   25  657343.434   657343.471   657555.146
  7  LG+R4         328196.570   27  656447.141   656447.184   656675.790
  8  LG+R5         328158.599   29  656375.197   656375.247   656620.783
  9  LG+R6         328148.899   31  656359.799   656359.855   656622.322
 14  LG+I+R2       329294.575   24  658637.151   658637.185   658840.394
 15  LG+I+R3       328356.433   26  656764.867   656764.906   656985.047
 16  LG+I+R4       328188.534   28  656433.068   656433.114   656670.186
 17  LG+I+R5       328170.945   30  656401.889   656401.942   656655.944
WARNING: Log-likelihood -328318 of LG+I+R6 worse than LG+I+R5 -328171
 18  LG+I+R6       328317.864   32  656699.729   656699.789   656970.721
 30  LG+F+R5       327630.057   48  655356.115   655356.249   655762.602
WARNING: Log-likelihood -327901 of LG+F+R6 worse than LG+F+R5 -327630
 31  LG+F+R6       327900.929   50  655901.858   655902.004   656325.283
 52  WAG+R5        326078.892   29  652215.784   652215.833   652461.370
WARNING: Log-likelihood -326316 of WAG+R6 worse than WAG+R5 -326079
 53  WAG+R6        326316.097   31  652694.194   652694.250   652956.717
 74  WAG+F+R5      324956.511   48  650009.021   650009.155   650415.509
WARNING: Log-likelihood -325325 of WAG+F+R6 worse than WAG+F+R5 -324957
 75  WAG+F+R6      325324.715   50  650749.431   650749.576   651172.855
 96  JTT+R5        326386.897   29  652831.794   652831.844   653077.380
WARNING: Log-likelihood -326873 of JTT+R6 worse than JTT+R5 -326387
 97  JTT+R6        326872.670   31  653807.340   653807.396   654069.863
118  JTT+F+R5      325552.114   48  651200.227   651200.361   651606.715
WARNING: Log-likelihood -326049 of JTT+F+R6 worse than JTT+F+R5 -325552
119  JTT+F+R6      326049.377   50  652198.755   652198.900   652622.179
WARNING: Normalizing state frequencies so that sum of them equals to 1
140  Q.pfam+R5     327228.629   29  654515.258   654515.308   654760.844
WARNING: Normalizing state frequencies so that sum of them equals to 1
WARNING: Log-likelihood -327726 of Q.pfam+R6 worse than Q.pfam+R5 -327229
141  Q.pfam+R6     327726.410   31  655514.820   655514.876   655777.343
WARNING: Normalizing state frequencies so that sum of them equals to 1
162  Q.pfam+F+R5   326757.520   48  653611.041   653611.175   654017.528
WARNING: Normalizing state frequencies so that sum of them equals to 1
WARNING: Log-likelihood -327257 of Q.pfam+F+R6 worse than Q.pfam+F+R5 -326758
163  Q.pfam+F+R6   327257.359   50  654614.718   654614.864   655038.143
WARNING: Normalizing state frequencies so that sum of them equals to 1
184  Q.bird+R5     330261.088   29  660580.175   660580.225   660825.762
WARNING: Normalizing state frequencies so that sum of them equals to 1
WARNING: Log-likelihood -330983 of Q.bird+R6 worse than Q.bird+R5 -330261
185  Q.bird+R6     330983.073   31  662028.146   662028.203   662290.669
WARNING: Normalizing state frequencies so that sum of them equals to 1
206  Q.bird+F+R5   329440.021   48  658976.041   658976.175   659382.529
WARNING: Normalizing state frequencies so that sum of them equals to 1
WARNING: Log-likelihood -330169 of Q.bird+F+R6 worse than Q.bird+F+R5 -329440
207  Q.bird+F+R6   330168.563   50  660437.125   660437.270   660860.550
WARNING: Normalizing state frequencies so that sum of them equals to 1
228  Q.mammal+R5   328553.232   29  657164.464   657164.514   657410.050
WARNING: Normalizing state frequencies so that sum of them equals to 1
WARNING: Log-likelihood -329172 of Q.mammal+R6 worse than Q.mammal+R5 -328553
229  Q.mammal+R6   329172.112   31  658406.224   658406.280   658668.747
WARNING: Normalizing state frequencies so that sum of them equals to 1
250  Q.mammal+F+R5 327517.440   48  655130.879   655131.013   655537.367
WARNING: Normalizing state frequencies so that sum of them equals to 1
WARNING: Log-likelihood -328140 of Q.mammal+F+R6 worse than Q.mammal+F+R5 -327517
251  Q.mammal+F+R6 328140.375   50  656380.750   656380.895   656804.175
272  Q.insect+R5   327266.034   29  654590.069   654590.118   654835.655
WARNING: Log-likelihood -327816 of Q.insect+R6 worse than Q.insect+R5 -327266
273  Q.insect+R6   327815.603   31  655693.206   655693.262   655955.729
294  Q.insect+F+R5 326548.017   48  653192.035   653192.169   653598.522
WARNING: Log-likelihood -327082 of Q.insect+F+R6 worse than Q.insect+F+R5 -326548
295  Q.insect+F+R6 327082.071   50  654264.141   654264.286   654687.566
WARNING: Normalizing state frequencies so that sum of them equals to 1
316  Q.plant+R5    329723.711   29  659505.422   659505.471   659751.008
WARNING: Normalizing state frequencies so that sum of them equals to 1
WARNING: Log-likelihood -330446 of Q.plant+R6 worse than Q.plant+R5 -329724
317  Q.plant+R6    330446.187   31  660954.373   660954.430   661216.897
WARNING: Normalizing state frequencies so that sum of them equals to 1
338  Q.plant+F+R5  329318.188   48  658732.375   658732.509   659138.863
WARNING: Normalizing state frequencies so that sum of them equals to 1
WARNING: Log-likelihood -330042 of Q.plant+F+R6 worse than Q.plant+F+R5 -329318
339  Q.plant+F+R6  330042.349   50  660184.699   660184.844   660608.123
WARNING: Normalizing state frequencies so that sum of them equals to 1
360  Q.yeast+R5    328093.629   29  656245.258   656245.308   656490.844
WARNING: Normalizing state frequencies so that sum of them equals to 1
WARNING: Log-likelihood -328652 of Q.yeast+R6 worse than Q.yeast+R5 -328094
361  Q.yeast+R6    328651.969   31  657365.938   657365.994   657628.461
WARNING: Normalizing state frequencies so that sum of them equals to 1
382  Q.yeast+F+R5  327318.745   48  654733.490   654733.624   655139.977
WARNING: Normalizing state frequencies so that sum of them equals to 1
WARNING: Log-likelihood -327866 of Q.yeast+F+R6 worse than Q.yeast+F+R5 -327319
383  Q.yeast+F+R6  327866.402   50  655832.804   655832.949   656256.228
404  JTTDCMut+R5   326412.478   29  652882.956   652883.006   653128.543
WARNING: Log-likelihood -326897 of JTTDCMut+R6 worse than JTTDCMut+R5 -326412
405  JTTDCMut+R6   326896.833   31  653855.667   653855.723   654118.190
426  JTTDCMut+F+R5 325551.505   48  651199.010   651199.144   651605.498
WARNING: Log-likelihood -326050 of JTTDCMut+F+R6 worse than JTTDCMut+F+R5 -325552
427  JTTDCMut+F+R6 326049.577   50  652199.155   652199.300   652622.579
448  DCMut+R5      329489.968   29  659037.936   659037.986   659283.523
WARNING: Log-likelihood -329956 of DCMut+R6 worse than DCMut+R5 -329490
449  DCMut+R6      329955.558   31  659973.117   659973.173   660235.640
470  DCMut+F+R5    326745.762   48  653587.523   653587.657   653994.011
WARNING: Log-likelihood -327262 of DCMut+F+R6 worse than DCMut+F+R5 -326746
471  DCMut+F+R6    327262.313   50  654624.626   654624.771   655048.051
492  VT+R5         323366.049   29  646790.099   646790.148   647035.685
WARNING: Log-likelihood -323731 of VT+R6 worse than VT+R5 -323366
493  VT+R6         323730.702   31  647523.405   647523.461   647785.928
514  VT+F+R5       323064.389   48  646224.779   646224.912   646631.266
WARNING: Log-likelihood -323472 of VT+F+R6 worse than VT+F+R5 -323064
515  VT+F+R6       323471.945   50  647043.889   647044.035   647467.314
536  PMB+R5        324183.045   29  648424.090   648424.139   648669.676
WARNING: Log-likelihood -324554 of PMB+R6 worse than PMB+R5 -324183
537  PMB+R6        324553.835   31  649169.670   649169.726   649432.193
558  PMB+F+R5      322799.058   48  645694.116   645694.250   646100.603
WARNING: Log-likelihood -323201 of PMB+F+R6 worse than PMB+F+R5 -322799
559  PMB+F+R6      323200.635   50  646501.269   646501.415   646924.694
580  Blosum62+R5   324455.825   29  648969.650   648969.700   649215.237
WARNING: Log-likelihood -324844 of Blosum62+R6 worse than Blosum62+R5 -324456
581  Blosum62+R6   324843.572   31  649749.143   649749.199   650011.666
602  Blosum62+F+R5 323242.096   48  646580.193   646580.326   646986.680
WARNING: Log-likelihood -323653 of Blosum62+F+R6 worse than Blosum62+F+R5 -323242
603  Blosum62+F+R6 323653.499   50  647406.998   647407.143   647830.423
624  Dayhoff+R5    329452.567   29  658963.134   658963.184   659208.720
WARNING: Log-likelihood -329993 of Dayhoff+R6 worse than Dayhoff+R5 -329453
625  Dayhoff+R6    329993.203   31  660048.406   660048.462   660310.929
646  Dayhoff+F+R5  326697.484   48  653490.968   653491.101   653897.455
WARNING: Log-likelihood -327298 of Dayhoff+F+R6 worse than Dayhoff+F+R5 -326697
647  Dayhoff+F+R6  327298.380   50  654696.760   654696.906   655120.185
668  mtREV+R5      341233.871   29  682525.743   682525.792   682771.329
WARNING: Log-likelihood -341933 of mtREV+R6 worse than mtREV+R5 -341234
669  mtREV+R6      341932.601   31  683927.202   683927.258   684189.725
690  mtREV+F+R5    328699.315   48  657494.629   657494.763   657901.117
WARNING: Log-likelihood -329419 of mtREV+F+R6 worse than mtREV+F+R5 -328699
691  mtREV+F+R6    329418.969   50  658937.938   658938.083   659361.362
712  mtART+R5      346190.606   29  692439.212   692439.261   692684.798
WARNING: Log-likelihood -347184 of mtART+R6 worse than mtART+R5 -346191
713  mtART+R6      347183.802   31  694429.604   694429.660   694692.127
734  mtART+F+R5    333024.167   48  666144.334   666144.467   666550.821
WARNING: Log-likelihood -334033 of mtART+F+R6 worse than mtART+F+R5 -333024
735  mtART+F+R6    334032.722   50  668165.444   668165.589   668588.868
756  mtZOA+R5      342139.886   29  684337.772   684337.821   684583.358
WARNING: Log-likelihood -342972 of mtZOA+R6 worse than mtZOA+R5 -342140
757  mtZOA+R6      342971.566   31  686005.133   686005.189   686267.656
778  mtZOA+F+R5    331106.430   48  662308.861   662308.995   662715.348
WARNING: Log-likelihood -331999 of mtZOA+F+R6 worse than mtZOA+F+R5 -331106
779  mtZOA+F+R6    331999.081   50  664098.162   664098.307   664521.586
800  mtMet+R5      342775.442   29  685608.883   685608.933   685854.469
WARNING: Log-likelihood -343540 of mtMet+R6 worse than mtMet+R5 -342775
801  mtMet+R6      343539.671   31  687141.342   687141.399   687403.865
822  mtMet+F+R5    329418.873   48  658933.746   658933.879   659340.233
WARNING: Log-likelihood -330211 of mtMet+F+R6 worse than mtMet+F+R5 -329419
823  mtMet+F+R6    330210.900   50  660521.799   660521.945   660945.224
844  mtVer+R5      345614.704   29  691287.408   691287.457   691532.994
WARNING: Log-likelihood -346525 of mtVer+R6 worse than mtVer+R5 -345615
845  mtVer+R6      346525.183   31  693112.365   693112.421   693374.888
866  mtVer+F+R5    332208.781   48  664513.562   664513.696   664920.050
WARNING: Log-likelihood -333185 of mtVer+F+R6 worse than mtVer+F+R5 -332209
867  mtVer+F+R6    333185.025   50  666470.050   666470.195   666893.474
888  mtInv+R5      345010.109   29  690078.218   690078.267   690323.804
WARNING: Log-likelihood -345691 of mtInv+R6 worse than mtInv+R5 -345010
889  mtInv+R6      345691.330   31  691444.660   691444.717   691707.183
910  mtInv+F+R5    328050.215   48  656196.430   656196.564   656602.917
WARNING: Log-likelihood -328750 of mtInv+F+R6 worse than mtInv+F+R5 -328050
911  mtInv+F+R6    328749.588   50  657599.177   657599.322   658022.601
932  mtMAM+R5      347570.038   29  695198.076   695198.125   695443.662
WARNING: Log-likelihood -348640 of mtMAM+R6 worse than mtMAM+R5 -347570
933  mtMAM+R6      348640.445   31  697342.890   697342.947   697605.414
954  mtMAM+F+R5    334358.114   48  668812.228   668812.362   669218.715
WARNING: Log-likelihood -335473 of mtMAM+F+R6 worse than mtMAM+F+R5 -334358
955  mtMAM+F+R6    335473.281   50  671046.563   671046.708   671469.987
WARNING: Normalizing state frequencies so that sum of them equals to 1
976  FLAVI+R5      337236.252   29  674530.503   674530.553   674776.090
WARNING: Normalizing state frequencies so that sum of them equals to 1
WARNING: Log-likelihood -338326 of FLAVI+R6 worse than FLAVI+R5 -337236
977  FLAVI+R6      338325.931   31  676713.863   676713.919   676976.386
WARNING: Normalizing state frequencies so that sum of them equals to 1
998  FLAVI+F+R5    333542.470   48  667180.939   667181.073   667587.427
WARNING: Normalizing state frequencies so that sum of them equals to 1
WARNING: Log-likelihood -334669 of FLAVI+F+R6 worse than FLAVI+F+R5 -333542
999  FLAVI+F+R6    334669.020   50  669438.039   669438.184   669861.464
1020  HIVb+R5       333067.614   29  666193.227   666193.277   666438.813
WARNING: Log-likelihood -334016 of HIVb+R6 worse than HIVb+R5 -333068
1021  HIVb+R6       334015.938   31  668093.875   668093.931   668356.398
1042  HIVb+F+R5     330670.760   48  661437.521   661437.654   661844.008
WARNING: Log-likelihood -331653 of HIVb+F+R6 worse than HIVb+F+R5 -330671
1043  HIVb+F+R6     331652.500   50  663405.000   663405.145   663828.425
1064  HIVw+R5       339407.798   29  678873.596   678873.646   679119.183
WARNING: Log-likelihood -340340 of HIVw+R6 worse than HIVw+R5 -339408
1065  HIVw+R6       340340.472   31  680742.945   680743.001   681005.468
1086  HIVw+F+R5     332501.791   48  665099.582   665099.716   665506.070
WARNING: Log-likelihood -333464 of HIVw+F+R6 worse than HIVw+F+R5 -332502
1087  HIVw+F+R6     333464.217   50  667028.434   667028.579   667451.858
1108  FLU+R5        332168.099   29  664394.198   664394.247   664639.784
WARNING: Log-likelihood -332976 of FLU+R6 worse than FLU+R5 -332168
1109  FLU+R6        332976.198   31  666014.396   666014.452   666276.919
1130  FLU+F+R5      329688.594   48  659473.188   659473.322   659879.676
WARNING: Log-likelihood -330531 of FLU+F+R6 worse than FLU+F+R5 -329689
1131  FLU+F+R6      330530.928   50  661161.857   661162.002   661585.281
1152  rtREV+R5      328866.547   29  657791.093   657791.143   658036.679
WARNING: Log-likelihood -329406 of rtREV+R6 worse than rtREV+R5 -328867
1153  rtREV+R6      329406.455   31  658874.909   658874.966   659137.432
1174  rtREV+F+R5    326626.138   48  653348.276   653348.410   653754.764
WARNING: Log-likelihood -327195 of rtREV+F+R6 worse than rtREV+F+R5 -326626
1175  rtREV+F+R6    327194.928   50  654489.857   654490.002   654913.281
1196  cpREV+R5      327615.103   29  655288.207   655288.256   655533.793
WARNING: Log-likelihood -328107 of cpREV+R6 worse than cpREV+R5 -327615
1197  cpREV+R6      328106.739   31  656275.478   656275.534   656538.001
1218  cpREV+F+R5    326145.444   48  652386.887   652387.021   652793.375
WARNING: Log-likelihood -326692 of cpREV+F+R6 worse than cpREV+F+R5 -326145
1219  cpREV+F+R6    326692.122   50  653484.244   653484.390   653907.669
Akaike Information Criterion:           PMB+F+R5
Corrected Akaike Information Criterion: PMB+F+R5
Bayesian Information Criterion:         PMB+F+R5
Best-fit model: PMB+F+R5 chosen according to BIC

All model information printed to UHM_Basidiobolus_v1.fungi.fa.model.gz
CPU time for ModelFinder: 39941.778 seconds (11h:5m:41s)
Wall-clock time for ModelFinder: 2440.891 seconds (0h:40m:40s)
Generating 1000 samples for ultrafast bootstrap (seed: 531928)...

NOTE: 210 MB RAM (0 GB) is required!
Estimate model parameters (epsilon = 0.100)
1. Initial log-likelihood: -322799.058
2. Current log-likelihood: -322796.473
3. Current log-likelihood: -322796.241
4. Current log-likelihood: -322796.017
5. Current log-likelihood: -322795.824
6. Current log-likelihood: -322795.648
7. Current log-likelihood: -322795.486
8. Current log-likelihood: -322795.337
9. Current log-likelihood: -322795.197
10. Current log-likelihood: -322795.068
11. Current log-likelihood: -322794.951
12. Current log-likelihood: -322794.834
13. Current log-likelihood: -322794.733
Optimal log-likelihood: -322794.620
Site proportion and rates:  (0.554,0.013) (0.182,0.178) (0.212,0.731) (0.040,1.916) (0.012,59.136)
Parameters optimization took 13 rounds (4.252 sec)
Wrote distance file to... 
Computing ML distances based on estimated model parameters...
Calculating distance matrix: done in 0.00656104 secs using 1679% CPU
Computing ML distances took 0.007087 sec (of wall-clock time) 0.116965 sec (of CPU time)
Setting up auxiliary I and S matrices: done in 8.39233e-05 secs using 2449% CPU
Constructing RapidNJ tree: done in 0.000593901 secs using 1117% CPU
Computing RapidNJ tree took 0.000730 sec (of wall-clock time) 0.010723 sec (of CPU time)
Log-likelihood of RapidNJ tree: -323152.153
--------------------------------------------------------------------
|             INITIALIZING CANDIDATE TREE SET                      |
--------------------------------------------------------------------
Generating 98 parsimony trees... 2.019 second
Computing log-likelihood of 96 initial trees ... 3.392 seconds
Current best score: -322794.620

Do NNI search on 20 best initial trees
Optimizing NNI: done in 0.24187 secs using 1680% CPU
Estimate model parameters (epsilon = 0.100)
BETTER TREE FOUND at iteration 1: -322771.821
Optimizing NNI: done in 0.329698 secs using 1683% CPU
Optimizing NNI: done in 0.625214 secs using 1685% CPU
Optimizing NNI: done in 0.784858 secs using 1686% CPU
Optimizing NNI: done in 0.947362 secs using 1685% CPU
Optimizing NNI: done in 0.802287 secs using 1684% CPU
Optimizing NNI: done in 0.795228 secs using 1685% CPU
Optimizing NNI: done in 0.420986 secs using 1682% CPU
Optimizing NNI: done in 0.802437 secs using 1687% CPU
Optimizing NNI: done in 0.646692 secs using 1687% CPU
Iteration 10 / LogL: -322782.298 / Time: 0h:0m:18s
Optimizing NNI: done in 0.802441 secs using 1683% CPU
Optimizing NNI: done in 0.776413 secs using 1684% CPU
Optimizing NNI: done in 0.539461 secs using 1689% CPU
Optimizing NNI: done in 0.735244 secs using 1684% CPU
Optimizing NNI: done in 0.912894 secs using 1684% CPU
Optimizing NNI: done in 0.923835 secs using 1685% CPU
Optimizing NNI: done in 0.605096 secs using 1682% CPU
Optimizing NNI: done in 0.481338 secs using 1685% CPU
Optimizing NNI: done in 0.824718 secs using 1688% CPU
Optimizing NNI: done in 0.91064 secs using 1686% CPU
Iteration 20 / LogL: -322785.044 / Time: 0h:0m:25s
Finish initializing candidate tree set (2)
Current best tree score: -322771.821 / CPU time: 20.836
Number of iterations: 20
--------------------------------------------------------------------
|               OPTIMIZING CANDIDATE TREE SET                      |
--------------------------------------------------------------------
Optimizing NNI: done in 0.686456 secs using 1687% CPU
Optimizing NNI: done in 0.923211 secs using 1685% CPU
Optimizing NNI: done in 0.463149 secs using 1685% CPU
Optimizing NNI: done in 0.261297 secs using 1682% CPU
UPDATE BEST LOG-LIKELIHOOD: -322771.814
Optimizing NNI: done in 0.566696 secs using 1687% CPU
Optimizing NNI: done in 0.429871 secs using 1684% CPU
Optimizing NNI: done in 0.671264 secs using 1686% CPU
Optimizing NNI: done in 0.641109 secs using 1682% CPU
Optimizing NNI: done in 0.616267 secs using 1684% CPU
Optimizing NNI: done in 0.558857 secs using 1684% CPU
Iteration 30 / LogL: -322790.025 / Time: 0h:0m:31s (0h:1m:18s left)
Optimizing NNI: done in 0.402902 secs using 1679% CPU
Optimizing NNI: done in 0.430638 secs using 1684% CPU
Optimizing NNI: done in 0.352556 secs using 1688% CPU
Optimizing NNI: done in 0.533429 secs using 1685% CPU
Optimizing NNI: done in 0.560315 secs using 1685% CPU
Optimizing NNI: done in 0.903355 secs using 1685% CPU
Optimizing NNI: done in 0.450531 secs using 1685% CPU
Optimizing NNI: done in 0.706732 secs using 1686% CPU
Optimizing NNI: done in 0.549945 secs using 1686% CPU
Optimizing NNI: done in 0.54567 secs using 1687% CPU
Iteration 40 / LogL: -323016.549 / Time: 0h:0m:37s (0h:0m:58s left)
Optimizing NNI: done in 0.306996 secs using 1686% CPU
Optimizing NNI: done in 0.679195 secs using 1686% CPU
Optimizing NNI: done in 0.52595 secs using 1682% CPU
Optimizing NNI: done in 0.895038 secs using 1687% CPU
Optimizing NNI: done in 0.557747 secs using 1686% CPU
Optimizing NNI: done in 0.563999 secs using 1686% CPU
Optimizing NNI: done in 0.734062 secs using 1686% CPU
Optimizing NNI: done in 0.389382 secs using 1686% CPU
Optimizing NNI: done in 0.602732 secs using 1682% CPU
Optimizing NNI: done in 0.755039 secs using 1686% CPU
Iteration 50 / LogL: -322772.826 / Time: 0h:0m:43s (0h:0m:45s left)
Log-likelihood cutoff on original alignment: -322834.146
Optimizing NNI: done in 0.239624 secs using 1686% CPU
Optimizing NNI: done in 0.723771 secs using 1685% CPU
Optimizing NNI: done in 0.398826 secs using 1685% CPU
Optimizing NNI: done in 0.834676 secs using 1686% CPU
Optimizing NNI: done in 0.522158 secs using 1685% CPU
Optimizing NNI: done in 0.625532 secs using 1684% CPU
Optimizing NNI: done in 1.0126 secs using 1684% CPU
Optimizing NNI: done in 0.675341 secs using 1683% CPU
Optimizing NNI: done in 0.279111 secs using 1685% CPU
Optimizing NNI: done in 0.524126 secs using 1685% CPU
Iteration 60 / LogL: -322791.795 / Time: 0h:0m:49s (0h:0m:34s left)
Optimizing NNI: done in 0.549412 secs using 1686% CPU
Optimizing NNI: done in 0.656534 secs using 1679% CPU
Optimizing NNI: done in 0.443071 secs using 1689% CPU
Optimizing NNI: done in 0.753481 secs using 1685% CPU
Optimizing NNI: done in 0.401304 secs using 1693% CPU
Optimizing NNI: done in 0.864783 secs using 1686% CPU
Optimizing NNI: done in 0.283426 secs using 1687% CPU
Optimizing NNI: done in 0.528648 secs using 1681% CPU
Optimizing NNI: done in 0.417076 secs using 1690% CPU
Optimizing NNI: done in 0.604524 secs using 1685% CPU
Iteration 70 / LogL: -322780.465 / Time: 0h:0m:55s (0h:0m:24s left)
Optimizing NNI: done in 0.89657 secs using 1685% CPU
Optimizing NNI: done in 0.705697 secs using 1687% CPU
Optimizing NNI: done in 0.527028 secs using 1680% CPU
Optimizing NNI: done in 0.505608 secs using 1687% CPU
Optimizing NNI: done in 0.275212 secs using 1683% CPU
Optimizing NNI: done in 0.559739 secs using 1686% CPU
Optimizing NNI: done in 0.510992 secs using 1683% CPU
Optimizing NNI: done in 0.545713 secs using 1678% CPU
Optimizing NNI: done in 0.512963 secs using 1686% CPU
Optimizing NNI: done in 0.456972 secs using 1686% CPU
Iteration 80 / LogL: -322827.767 / Time: 0h:1m:0s (0h:0m:16s left)
Optimizing NNI: done in 0.898402 secs using 1685% CPU
Optimizing NNI: done in 0.282385 secs using 1683% CPU
Optimizing NNI: done in 0.917803 secs using 1687% CPU
Optimizing NNI: done in 0.203413 secs using 1682% CPU
Optimizing NNI: done in 0.582786 secs using 1685% CPU
Optimizing NNI: done in 0.607721 secs using 1681% CPU
Optimizing NNI: done in 0.699172 secs using 1687% CPU
Optimizing NNI: done in 0.635829 secs using 1686% CPU
Optimizing NNI: done in 0.579927 secs using 1684% CPU
Optimizing NNI: done in 0.550377 secs using 1687% CPU
Iteration 90 / LogL: -322783.403 / Time: 0h:1m:6s (0h:0m:8s left)
Optimizing NNI: done in 0.562191 secs using 1685% CPU
Optimizing NNI: done in 0.452998 secs using 1684% CPU
Optimizing NNI: done in 0.679198 secs using 1686% CPU
Optimizing NNI: done in 0.518081 secs using 1680% CPU
Optimizing NNI: done in 0.526567 secs using 1686% CPU
Optimizing NNI: done in 0.427643 secs using 1682% CPU
Optimizing NNI: done in 0.580312 secs using 1682% CPU
Optimizing NNI: done in 0.301587 secs using 1679% CPU
Optimizing NNI: done in 0.90637 secs using 1684% CPU
Optimizing NNI: done in 0.38208 secs using 1685% CPU
Iteration 100 / LogL: -322775.555 / Time: 0h:1m:12s (0h:0m:0s left)
Log-likelihood cutoff on original alignment: -322834.146
NOTE: Bootstrap correlation coefficient of split occurrence frequencies: 1.000
Optimizing NNI: done in 0.420994 secs using 1683% CPU
Optimizing NNI: done in 0.29801 secs using 1685% CPU
TREE SEARCH COMPLETED AFTER 102 ITERATIONS / Time: 0h:1m:13s

--------------------------------------------------------------------
|                    FINALIZING TREE SEARCH                        |
--------------------------------------------------------------------
Performs final model parameters optimization
Estimate model parameters (epsilon = 0.010)
1. Initial log-likelihood: -322771.814
2. Current log-likelihood: -322771.736
3. Current log-likelihood: -322771.673
4. Current log-likelihood: -322771.609
5. Current log-likelihood: -322771.551
6. Current log-likelihood: -322771.498
7. Current log-likelihood: -322771.452
8. Current log-likelihood: -322771.399
9. Current log-likelihood: -322771.348
10. Current log-likelihood: -322771.294
11. Current log-likelihood: -322771.267
12. Current log-likelihood: -322771.215
13. Current log-likelihood: -322771.170
14. Current log-likelihood: -322771.126
15. Current log-likelihood: -322771.107
16. Current log-likelihood: -322771.064
17. Current log-likelihood: -322771.044
18. Current log-likelihood: -322771.026
19. Current log-likelihood: -322770.981
20. Current log-likelihood: -322770.940
21. Current log-likelihood: -322770.917
22. Current log-likelihood: -322770.899
23. Current log-likelihood: -322770.872
24. Current log-likelihood: -322770.835
25. Current log-likelihood: -322770.806
26. Current log-likelihood: -322770.792
27. Current log-likelihood: -322770.759
28. Current log-likelihood: -322770.728
29. Current log-likelihood: -322770.695
30. Current log-likelihood: -322770.673
31. Current log-likelihood: -322770.641
Optimal log-likelihood: -322770.632
Site proportion and rates:  (0.551,0.012) (0.181,0.171) (0.206,0.685) (0.049,1.751) (0.012,59.286)
Parameters optimization took 31 rounds (8.382 sec)
BEST SCORE FOUND : -322770.632

Testing tree branches by SH-like aLRT with 1000 replicates...
0.482 sec.
Creating bootstrap support values...
Split supports printed to NEXUS file UHM_Basidiobolus_v1.fungi.fa.splits.nex
Total tree length: 19.472

Total number of iterations: 102
CPU time used for tree search: 1141.978 sec (0h:19m:1s)
Wall-clock time used for tree search: 67.881 sec (0h:1m:7s)
Total CPU time used: 1373.568 sec (0h:22m:53s)
Total wall-clock time used: 81.911 sec (0h:1m:21s)

Computing bootstrap consensus tree...
Reading input file UHM_Basidiobolus_v1.fungi.fa.splits.nex...
12 taxa and 25 splits.
Consensus tree written to UHM_Basidiobolus_v1.fungi.fa.contree
Reading input trees file UHM_Basidiobolus_v1.fungi.fa.contree
Log-likelihood of consensus tree: -322770.426

Analysis results written to: 
  IQ-TREE report:                UHM_Basidiobolus_v1.fungi.fa.iqtree
  Maximum-likelihood tree:       UHM_Basidiobolus_v1.fungi.fa.treefile
  Likelihood distances:          UHM_Basidiobolus_v1.fungi.fa.mldist

Ultrafast bootstrap approximation results written to:
  Split support values:          UHM_Basidiobolus_v1.fungi.fa.splits.nex
  Consensus tree:                UHM_Basidiobolus_v1.fungi.fa.contree
  Screen log file:               UHM_Basidiobolus_v1.fungi.fa.log

Date and Time: Fri Apr 18 10:02:21 2025
